<?xml version="1.0" encoding="UTF-8"?>
<testsuite name="com.github.heliomfdev.restful_ws.PaisRepositoryTests" time="0.037" tests="1" errors="1" skipped="0" failures="0">
  <properties>
    <property name="idea.version" value="2017.1.4"/>
    <property name="java.runtime.name" value="Java(TM) SE Runtime Environment"/>
    <property name="sun.boot.library.path" value="C:\Program Files\Java\jdk1.8.0_60\jre\bin"/>
    <property name="java.vm.version" value="25.60-b23"/>
    <property name="java.vm.vendor" value="Oracle Corporation"/>
    <property name="maven.multiModuleProjectDirectory" value="C:\Repos\howto-ws-restful-spring-boot"/>
    <property name="java.vendor.url" value="http://java.oracle.com/"/>
    <property name="path.separator" value=";"/>
    <property name="guice.disable.misplaced.annotation.check" value="true"/>
    <property name="java.vm.name" value="Java HotSpot(TM) Client VM"/>
    <property name="file.encoding.pkg" value="sun.io"/>
    <property name="user.script" value=""/>
    <property name="user.country" value="BR"/>
    <property name="sun.java.launcher" value="SUN_STANDARD"/>
    <property name="sun.os.patch.level" value="Service Pack 1"/>
    <property name="java.vm.specification.name" value="Java Virtual Machine Specification"/>
    <property name="user.dir" value="C:\Repos\howto-ws-restful-spring-boot"/>
    <property name="java.runtime.version" value="1.8.0_60-b27"/>
    <property name="java.awt.graphicsenv" value="sun.awt.Win32GraphicsEnvironment"/>
    <property name="java.endorsed.dirs" value="C:\Program Files\Java\jdk1.8.0_60\jre\lib\endorsed"/>
    <property name="os.arch" value="x86"/>
    <property name="java.io.tmpdir" value="C:\Users\INFIRI~1\AppData\Local\Temp\"/>
    <property name="line.separator" value="&#10;"/>
    <property name="java.vm.specification.vendor" value="Oracle Corporation"/>
    <property name="user.variant" value=""/>
    <property name="os.name" value="Windows 7"/>
    <property name="classworlds.conf" value="C:\Program Files\JetBrains\IntelliJ IDEA 2017.1\plugins\maven\lib\maven3\bin\m2.conf"/>
    <property name="sun.jnu.encoding" value="Cp1252"/>
    <property name="java.library.path" value="C:\Program Files\Java\jdk1.8.0_60\bin;C:\Windows\Sun\Java\bin;C:\Windows\system32;C:\Windows;C:\Program Files\CollabNet;C:\Program Files\Embarcadero\RAD Studio\12.0\bin;C:\Users\Public\Documents\RAD Studio\12.0\Bpl;C:\Program Files\Embarcadero\RAD Studio\12.0\bin64;C:\Users\Public\Documents\RAD Studio\12.0\Bpl\Win64;C:\Program Files\Embarcadero\RAD Studio\12.0\bin;C:\Users\Public\Documents\RAD Studio\12.0\Bpl;C:\ProgramData\Oracle\Java\javapath;C:\Windows\system32;C:\Windows;C:\Windows\System32\Wbem;C:\Windows\System32\WindowsPowerShell\v1.0\;C:\Program Files\Intel\OpenCL SDK\2.0\bin\x86;C:\Program Files\TortoiseSVN\bin;C:\Program Files\Java\jdk1.8.0_60\bin;C:\Program Files\MySQL\MySQL Utilities 1.6\;C:\Program Files\Brackets\command;C:\Program Files\Skype\Phone\;C:\Windows\system32\config\systemprofile\.dnx\bin;C:\Program Files\Microsoft DNX\Dnvm\;C:\Program Files\nodejs\;C:\Users\infirio34\AppData\Roaming\npm;."/>
    <property name="java.specification.name" value="Java Platform API Specification"/>
    <property name="java.class.version" value="52.0"/>
    <property name="sun.management.compiler" value="HotSpot Client Compiler"/>
    <property name="os.version" value="6.1"/>
    <property name="user.home" value="C:\Users\infirio34"/>
    <property name="user.timezone" value="GMT-03:00"/>
    <property name="java.awt.printerjob" value="sun.awt.windows.WPrinterJob"/>
    <property name="java.specification.version" value="1.8"/>
    <property name="file.encoding" value="UTF-8"/>
    <property name="user.name" value="infirio34"/>
    <property name="java.class.path" value="C:\Program Files\JetBrains\IntelliJ IDEA 2017.1\plugins\maven\lib\maven3\boot\plexus-classworlds-2.5.2.jar;C:\Program Files\JetBrains\IntelliJ IDEA 2017.1\lib\idea_rt.jar"/>
    <property name="java.vm.specification.version" value="1.8"/>
    <property name="sun.arch.data.model" value="32"/>
    <property name="java.home" value="C:\Program Files\Java\jdk1.8.0_60\jre"/>
    <property name="sun.java.command" value="org.codehaus.classworlds.Launcher -Didea.version=2017.1.4 test"/>
    <property name="java.specification.vendor" value="Oracle Corporation"/>
    <property name="user.language" value="pt"/>
    <property name="awt.toolkit" value="sun.awt.windows.WToolkit"/>
    <property name="java.vm.info" value="mixed mode"/>
    <property name="java.version" value="1.8.0_60"/>
    <property name="java.ext.dirs" value="C:\Program Files\Java\jdk1.8.0_60\jre\lib\ext;C:\Windows\Sun\Java\lib\ext"/>
    <property name="sun.boot.class.path" value="C:\Program Files\Java\jdk1.8.0_60\jre\lib\resources.jar;C:\Program Files\Java\jdk1.8.0_60\jre\lib\rt.jar;C:\Program Files\Java\jdk1.8.0_60\jre\lib\sunrsasign.jar;C:\Program Files\Java\jdk1.8.0_60\jre\lib\jsse.jar;C:\Program Files\Java\jdk1.8.0_60\jre\lib\jce.jar;C:\Program Files\Java\jdk1.8.0_60\jre\lib\charsets.jar;C:\Program Files\Java\jdk1.8.0_60\jre\lib\jfr.jar;C:\Program Files\Java\jdk1.8.0_60\jre\classes"/>
    <property name="java.vendor" value="Oracle Corporation"/>
    <property name="maven.home" value="C:\Program Files\JetBrains\IntelliJ IDEA 2017.1\plugins\maven\lib\maven3"/>
    <property name="file.separator" value="\"/>
    <property name="java.vendor.url.bug" value="http://bugreport.sun.com/bugreport/"/>
    <property name="sun.cpu.endian" value="little"/>
    <property name="sun.io.unicode.encoding" value="UnicodeLittle"/>
    <property name="sun.desktop" value="windows"/>
    <property name="sun.cpu.isalist" value="pentium_pro+mmx pentium_pro pentium+mmx pentium i486 i386 i86"/>
  </properties>
  <testcase name="findByNomeContainingShouldReturnBrazil" classname="com.github.heliomfdev.restful_ws.PaisRepositoryTests" time="0.037">
    <error type="java.lang.NullPointerException:">java.lang.NullPointerException: null
	at com.github.heliomfdev.restful_ws.PaisRepositoryTests.findByNomeContainingShouldReturnBrazil(PaisRepositoryTests.java:27)
</error>
    <system-out><![CDATA[08:56:37.229 [main] DEBUG org.springframework.test.context.junit4.SpringJUnit4ClassRunner - SpringJUnit4ClassRunner constructor called with [class com.github.heliomfdev.restful_ws.PaisRepositoryTests]
08:56:37.235 [main] DEBUG org.springframework.test.context.BootstrapUtils - Instantiating CacheAwareContextLoaderDelegate from class [org.springframework.test.context.cache.DefaultCacheAwareContextLoaderDelegate]
08:56:37.244 [main] DEBUG org.springframework.test.context.BootstrapUtils - Instantiating BootstrapContext using constructor [public org.springframework.test.context.support.DefaultBootstrapContext(java.lang.Class,org.springframework.test.context.CacheAwareContextLoaderDelegate)]
08:56:37.259 [main] DEBUG org.springframework.test.context.BootstrapUtils - Instantiating TestContextBootstrapper for test class [com.github.heliomfdev.restful_ws.PaisRepositoryTests] from class [org.springframework.boot.test.context.SpringBootTestContextBootstrapper]
08:56:37.273 [main] INFO org.springframework.boot.test.context.SpringBootTestContextBootstrapper - Neither @ContextConfiguration nor @ContextHierarchy found for test class [com.github.heliomfdev.restful_ws.PaisRepositoryTests], using SpringBootContextLoader
08:56:37.277 [main] DEBUG org.springframework.test.context.support.AbstractContextLoader - Did not detect default resource location for test class [com.github.heliomfdev.restful_ws.PaisRepositoryTests]: class path resource [com/github/heliomfdev/restful_ws/PaisRepositoryTests-context.xml] does not exist
08:56:37.277 [main] DEBUG org.springframework.test.context.support.AbstractContextLoader - Did not detect default resource location for test class [com.github.heliomfdev.restful_ws.PaisRepositoryTests]: class path resource [com/github/heliomfdev/restful_ws/PaisRepositoryTestsContext.groovy] does not exist
08:56:37.277 [main] INFO org.springframework.test.context.support.AbstractContextLoader - Could not detect default resource locations for test class [com.github.heliomfdev.restful_ws.PaisRepositoryTests]: no resource found for suffixes {-context.xml, Context.groovy}.
08:56:37.278 [main] INFO org.springframework.test.context.support.AnnotationConfigContextLoaderUtils - Could not detect default configuration classes for test class [com.github.heliomfdev.restful_ws.PaisRepositoryTests]: PaisRepositoryTests does not declare any static, non-private, non-final, nested classes annotated with @Configuration.
08:56:37.316 [main] DEBUG org.springframework.test.context.support.ActiveProfilesUtils - Could not find an 'annotation declaring class' for annotation type [org.springframework.test.context.ActiveProfiles] and class [com.github.heliomfdev.restful_ws.PaisRepositoryTests]
08:56:37.325 [main] DEBUG org.springframework.core.env.StandardEnvironment - Adding [systemProperties] PropertySource with lowest search precedence
08:56:37.325 [main] DEBUG org.springframework.core.env.StandardEnvironment - Adding [systemEnvironment] PropertySource with lowest search precedence
08:56:37.325 [main] DEBUG org.springframework.core.env.StandardEnvironment - Initialized StandardEnvironment with PropertySources [systemProperties,systemEnvironment]
08:56:37.337 [main] DEBUG org.springframework.core.io.support.PathMatchingResourcePatternResolver - Resolved classpath location [com/github/heliomfdev/restful_ws/] to resources [URL [file:/C:/Repos/howto-ws-restful-spring-boot/target/test-classes/com/github/heliomfdev/restful_ws/], URL [file:/C:/Repos/howto-ws-restful-spring-boot/target/classes/com/github/heliomfdev/restful_ws/]]
08:56:37.337 [main] DEBUG org.springframework.core.io.support.PathMatchingResourcePatternResolver - Looking for matching resources in directory tree [C:\Repos\howto-ws-restful-spring-boot\target\test-classes\com\github\heliomfdev\restful_ws]
08:56:37.337 [main] DEBUG org.springframework.core.io.support.PathMatchingResourcePatternResolver - Searching directory [C:\Repos\howto-ws-restful-spring-boot\target\test-classes\com\github\heliomfdev\restful_ws] for files matching pattern [C:/Repos/howto-ws-restful-spring-boot/target/test-classes/com/github/heliomfdev/restful_ws/*.class]
08:56:37.340 [main] DEBUG org.springframework.core.io.support.PathMatchingResourcePatternResolver - Looking for matching resources in directory tree [C:\Repos\howto-ws-restful-spring-boot\target\classes\com\github\heliomfdev\restful_ws]
08:56:37.340 [main] DEBUG org.springframework.core.io.support.PathMatchingResourcePatternResolver - Searching directory [C:\Repos\howto-ws-restful-spring-boot\target\classes\com\github\heliomfdev\restful_ws] for files matching pattern [C:/Repos/howto-ws-restful-spring-boot/target/classes/com/github/heliomfdev/restful_ws/*.class]
08:56:37.341 [main] DEBUG org.springframework.core.io.support.PathMatchingResourcePatternResolver - Resolved location pattern [classpath*:com/github/heliomfdev/restful_ws/*.class] to resources [file [C:\Repos\howto-ws-restful-spring-boot\target\test-classes\com\github\heliomfdev\restful_ws\PaisRepositoryTests.class], file [C:\Repos\howto-ws-restful-spring-boot\target\test-classes\com\github\heliomfdev\restful_ws\SpringBootRestfulWebServiceApplicationTests.class], file [C:\Repos\howto-ws-restful-spring-boot\target\classes\com\github\heliomfdev\restful_ws\SpringBootRestfulWebServiceApplication.class]]
08:56:37.385 [main] DEBUG org.springframework.context.annotation.ClassPathScanningCandidateComponentProvider - Identified candidate component class: file [C:\Repos\howto-ws-restful-spring-boot\target\classes\com\github\heliomfdev\restful_ws\SpringBootRestfulWebServiceApplication.class]
08:56:37.387 [main] INFO org.springframework.boot.test.context.SpringBootTestContextBootstrapper - Found @SpringBootConfiguration com.github.heliomfdev.restful_ws.SpringBootRestfulWebServiceApplication for test class com.github.heliomfdev.restful_ws.PaisRepositoryTests
08:56:37.390 [main] DEBUG org.springframework.boot.test.context.SpringBootTestContextBootstrapper - @TestExecutionListeners is not present for class [com.github.heliomfdev.restful_ws.PaisRepositoryTests]: using defaults.
08:56:37.393 [main] INFO org.springframework.boot.test.context.SpringBootTestContextBootstrapper - Loaded default TestExecutionListener class names from location [META-INF/spring.factories]: [org.springframework.boot.test.mock.mockito.MockitoTestExecutionListener, org.springframework.boot.test.mock.mockito.ResetMocksTestExecutionListener, org.springframework.boot.test.autoconfigure.restdocs.RestDocsTestExecutionListener, org.springframework.boot.test.autoconfigure.web.client.MockRestServiceServerResetTestExecutionListener, org.springframework.boot.test.autoconfigure.web.servlet.MockMvcPrintOnlyOnFailureTestExecutionListener, org.springframework.boot.test.autoconfigure.web.servlet.WebDriverTestExecutionListener, org.springframework.test.context.web.ServletTestExecutionListener, org.springframework.test.context.support.DirtiesContextBeforeModesTestExecutionListener, org.springframework.test.context.support.DependencyInjectionTestExecutionListener, org.springframework.test.context.support.DirtiesContextTestExecutionListener, org.springframework.test.context.transaction.TransactionalTestExecutionListener, org.springframework.test.context.jdbc.SqlScriptsTestExecutionListener]
08:56:37.417 [main] INFO org.springframework.boot.test.context.SpringBootTestContextBootstrapper - Using TestExecutionListeners: [org.springframework.test.context.web.ServletTestExecutionListener@a2da20, org.springframework.test.context.support.DirtiesContextBeforeModesTestExecutionListener@1d3b207, org.springframework.boot.test.autoconfigure.SpringBootDependencyInjectionTestExecutionListener@11bdc27, org.springframework.test.context.support.DirtiesContextTestExecutionListener@18fdd99, org.springframework.test.context.transaction.TransactionalTestExecutionListener@11274d2, org.springframework.test.context.jdbc.SqlScriptsTestExecutionListener@1c1a03d, org.springframework.boot.test.autoconfigure.web.servlet.MockMvcPrintOnlyOnFailureTestExecutionListener@b0b186, org.springframework.boot.test.mock.mockito.ResetMocksTestExecutionListener@1a8d91c, org.springframework.boot.test.autoconfigure.web.servlet.WebDriverTestExecutionListener@164985f, org.springframework.boot.test.autoconfigure.restdocs.RestDocsTestExecutionListener@1d20e46, org.springframework.boot.test.mock.mockito.MockitoTestExecutionListener@9ba3fb, org.springframework.boot.test.autoconfigure.web.client.MockRestServiceServerResetTestExecutionListener@136e4cd]
08:56:37.418 [main] DEBUG org.springframework.test.context.junit4.SpringJUnit4ClassRunner - SpringJUnit4ClassRunner constructor called with [class com.github.heliomfdev.restful_ws.SpringBootRestfulWebServiceApplicationTests]
08:56:37.418 [main] DEBUG org.springframework.test.context.BootstrapUtils - Instantiating CacheAwareContextLoaderDelegate from class [org.springframework.test.context.cache.DefaultCacheAwareContextLoaderDelegate]
08:56:37.418 [main] DEBUG org.springframework.test.context.BootstrapUtils - Instantiating BootstrapContext using constructor [public org.springframework.test.context.support.DefaultBootstrapContext(java.lang.Class,org.springframework.test.context.CacheAwareContextLoaderDelegate)]
08:56:37.418 [main] DEBUG org.springframework.test.context.BootstrapUtils - Instantiating TestContextBootstrapper for test class [com.github.heliomfdev.restful_ws.SpringBootRestfulWebServiceApplicationTests] from class [org.springframework.boot.test.context.SpringBootTestContextBootstrapper]
08:56:37.419 [main] INFO org.springframework.boot.test.context.SpringBootTestContextBootstrapper - Neither @ContextConfiguration nor @ContextHierarchy found for test class [com.github.heliomfdev.restful_ws.SpringBootRestfulWebServiceApplicationTests], using SpringBootContextLoader
08:56:37.419 [main] DEBUG org.springframework.test.context.support.AbstractContextLoader - Did not detect default resource location for test class [com.github.heliomfdev.restful_ws.SpringBootRestfulWebServiceApplicationTests]: class path resource [com/github/heliomfdev/restful_ws/SpringBootRestfulWebServiceApplicationTests-context.xml] does not exist
08:56:37.419 [main] DEBUG org.springframework.test.context.support.AbstractContextLoader - Did not detect default resource location for test class [com.github.heliomfdev.restful_ws.SpringBootRestfulWebServiceApplicationTests]: class path resource [com/github/heliomfdev/restful_ws/SpringBootRestfulWebServiceApplicationTestsContext.groovy] does not exist
08:56:37.420 [main] INFO org.springframework.test.context.support.AbstractContextLoader - Could not detect default resource locations for test class [com.github.heliomfdev.restful_ws.SpringBootRestfulWebServiceApplicationTests]: no resource found for suffixes {-context.xml, Context.groovy}.
08:56:37.420 [main] INFO org.springframework.test.context.support.AnnotationConfigContextLoaderUtils - Could not detect default configuration classes for test class [com.github.heliomfdev.restful_ws.SpringBootRestfulWebServiceApplicationTests]: SpringBootRestfulWebServiceApplicationTests does not declare any static, non-private, non-final, nested classes annotated with @Configuration.
08:56:37.426 [main] DEBUG org.springframework.test.context.support.ActiveProfilesUtils - Could not find an 'annotation declaring class' for annotation type [org.springframework.test.context.ActiveProfiles] and class [com.github.heliomfdev.restful_ws.SpringBootRestfulWebServiceApplicationTests]
08:56:37.426 [main] DEBUG org.springframework.core.env.StandardEnvironment - Adding [systemProperties] PropertySource with lowest search precedence
08:56:37.426 [main] DEBUG org.springframework.core.env.StandardEnvironment - Adding [systemEnvironment] PropertySource with lowest search precedence
08:56:37.426 [main] DEBUG org.springframework.core.env.StandardEnvironment - Initialized StandardEnvironment with PropertySources [systemProperties,systemEnvironment]
08:56:37.426 [main] INFO org.springframework.boot.test.context.SpringBootTestContextBootstrapper - Found @SpringBootConfiguration com.github.heliomfdev.restful_ws.SpringBootRestfulWebServiceApplication for test class com.github.heliomfdev.restful_ws.SpringBootRestfulWebServiceApplicationTests
08:56:37.428 [main] DEBUG org.springframework.boot.test.context.SpringBootTestContextBootstrapper - @TestExecutionListeners is not present for class [com.github.heliomfdev.restful_ws.SpringBootRestfulWebServiceApplicationTests]: using defaults.
08:56:37.431 [main] INFO org.springframework.boot.test.context.SpringBootTestContextBootstrapper - Loaded default TestExecutionListener class names from location [META-INF/spring.factories]: [org.springframework.boot.test.mock.mockito.MockitoTestExecutionListener, org.springframework.boot.test.mock.mockito.ResetMocksTestExecutionListener, org.springframework.boot.test.autoconfigure.restdocs.RestDocsTestExecutionListener, org.springframework.boot.test.autoconfigure.web.client.MockRestServiceServerResetTestExecutionListener, org.springframework.boot.test.autoconfigure.web.servlet.MockMvcPrintOnlyOnFailureTestExecutionListener, org.springframework.boot.test.autoconfigure.web.servlet.WebDriverTestExecutionListener, org.springframework.test.context.web.ServletTestExecutionListener, org.springframework.test.context.support.DirtiesContextBeforeModesTestExecutionListener, org.springframework.test.context.support.DependencyInjectionTestExecutionListener, org.springframework.test.context.support.DirtiesContextTestExecutionListener, org.springframework.test.context.transaction.TransactionalTestExecutionListener, org.springframework.test.context.jdbc.SqlScriptsTestExecutionListener]
08:56:37.433 [main] INFO org.springframework.boot.test.context.SpringBootTestContextBootstrapper - Using TestExecutionListeners: [org.springframework.test.context.web.ServletTestExecutionListener@1f69090, org.springframework.test.context.support.DirtiesContextBeforeModesTestExecutionListener@8bf312, org.springframework.boot.test.autoconfigure.SpringBootDependencyInjectionTestExecutionListener@a263c2, org.springframework.test.context.support.DirtiesContextTestExecutionListener@9b3632, org.springframework.test.context.transaction.TransactionalTestExecutionListener@1f45fa1, org.springframework.test.context.jdbc.SqlScriptsTestExecutionListener@6e276e, org.springframework.boot.test.autoconfigure.web.servlet.MockMvcPrintOnlyOnFailureTestExecutionListener@14df152, org.springframework.boot.test.mock.mockito.ResetMocksTestExecutionListener@e677af, org.springframework.boot.test.autoconfigure.web.servlet.WebDriverTestExecutionListener@1083305, org.springframework.boot.test.autoconfigure.restdocs.RestDocsTestExecutionListener@e0379d, org.springframework.boot.test.mock.mockito.MockitoTestExecutionListener@1b80b2, org.springframework.boot.test.autoconfigure.web.client.MockRestServiceServerResetTestExecutionListener@1a1c291]
08:56:37.436 [main] DEBUG org.springframework.test.annotation.ProfileValueUtils - Retrieved @ProfileValueSourceConfiguration [null] for test class [com.github.heliomfdev.restful_ws.PaisRepositoryTests]
08:56:37.436 [main] DEBUG org.springframework.test.annotation.ProfileValueUtils - Retrieved ProfileValueSource type [class org.springframework.test.annotation.SystemProfileValueSource] for class [com.github.heliomfdev.restful_ws.PaisRepositoryTests]
08:56:37.437 [main] DEBUG org.springframework.test.annotation.ProfileValueUtils - Retrieved @ProfileValueSourceConfiguration [null] for test class [com.github.heliomfdev.restful_ws.SpringBootRestfulWebServiceApplicationTests]
08:56:37.437 [main] DEBUG org.springframework.test.annotation.ProfileValueUtils - Retrieved ProfileValueSource type [class org.springframework.test.annotation.SystemProfileValueSource] for class [com.github.heliomfdev.restful_ws.SpringBootRestfulWebServiceApplicationTests]
08:56:37.440 [main] DEBUG org.springframework.test.context.junit4.SpringJUnit4ClassRunner - SpringJUnit4ClassRunner constructor called with [class com.github.heliomfdev.restful_ws.PaisRepositoryTests]
08:56:37.440 [main] DEBUG org.springframework.test.context.BootstrapUtils - Instantiating CacheAwareContextLoaderDelegate from class [org.springframework.test.context.cache.DefaultCacheAwareContextLoaderDelegate]
08:56:37.440 [main] DEBUG org.springframework.test.context.BootstrapUtils - Instantiating BootstrapContext using constructor [public org.springframework.test.context.support.DefaultBootstrapContext(java.lang.Class,org.springframework.test.context.CacheAwareContextLoaderDelegate)]
08:56:37.441 [main] DEBUG org.springframework.test.context.BootstrapUtils - Instantiating TestContextBootstrapper for test class [com.github.heliomfdev.restful_ws.PaisRepositoryTests] from class [org.springframework.boot.test.context.SpringBootTestContextBootstrapper]
08:56:37.441 [main] INFO org.springframework.boot.test.context.SpringBootTestContextBootstrapper - Neither @ContextConfiguration nor @ContextHierarchy found for test class [com.github.heliomfdev.restful_ws.PaisRepositoryTests], using SpringBootContextLoader
08:56:37.442 [main] DEBUG org.springframework.test.context.support.AbstractContextLoader - Did not detect default resource location for test class [com.github.heliomfdev.restful_ws.PaisRepositoryTests]: class path resource [com/github/heliomfdev/restful_ws/PaisRepositoryTests-context.xml] does not exist
08:56:37.442 [main] DEBUG org.springframework.test.context.support.AbstractContextLoader - Did not detect default resource location for test class [com.github.heliomfdev.restful_ws.PaisRepositoryTests]: class path resource [com/github/heliomfdev/restful_ws/PaisRepositoryTestsContext.groovy] does not exist
08:56:37.443 [main] INFO org.springframework.test.context.support.AbstractContextLoader - Could not detect default resource locations for test class [com.github.heliomfdev.restful_ws.PaisRepositoryTests]: no resource found for suffixes {-context.xml, Context.groovy}.
08:56:37.443 [main] INFO org.springframework.test.context.support.AnnotationConfigContextLoaderUtils - Could not detect default configuration classes for test class [com.github.heliomfdev.restful_ws.PaisRepositoryTests]: PaisRepositoryTests does not declare any static, non-private, non-final, nested classes annotated with @Configuration.
08:56:37.448 [main] DEBUG org.springframework.test.context.support.ActiveProfilesUtils - Could not find an 'annotation declaring class' for annotation type [org.springframework.test.context.ActiveProfiles] and class [com.github.heliomfdev.restful_ws.PaisRepositoryTests]
08:56:37.449 [main] DEBUG org.springframework.core.env.StandardEnvironment - Adding [systemProperties] PropertySource with lowest search precedence
08:56:37.449 [main] DEBUG org.springframework.core.env.StandardEnvironment - Adding [systemEnvironment] PropertySource with lowest search precedence
08:56:37.449 [main] DEBUG org.springframework.core.env.StandardEnvironment - Initialized StandardEnvironment with PropertySources [systemProperties,systemEnvironment]
08:56:37.449 [main] INFO org.springframework.boot.test.context.SpringBootTestContextBootstrapper - Found @SpringBootConfiguration com.github.heliomfdev.restful_ws.SpringBootRestfulWebServiceApplication for test class com.github.heliomfdev.restful_ws.PaisRepositoryTests
08:56:37.450 [main] DEBUG org.springframework.boot.test.context.SpringBootTestContextBootstrapper - @TestExecutionListeners is not present for class [com.github.heliomfdev.restful_ws.PaisRepositoryTests]: using defaults.
08:56:37.454 [main] INFO org.springframework.boot.test.context.SpringBootTestContextBootstrapper - Loaded default TestExecutionListener class names from location [META-INF/spring.factories]: [org.springframework.boot.test.mock.mockito.MockitoTestExecutionListener, org.springframework.boot.test.mock.mockito.ResetMocksTestExecutionListener, org.springframework.boot.test.autoconfigure.restdocs.RestDocsTestExecutionListener, org.springframework.boot.test.autoconfigure.web.client.MockRestServiceServerResetTestExecutionListener, org.springframework.boot.test.autoconfigure.web.servlet.MockMvcPrintOnlyOnFailureTestExecutionListener, org.springframework.boot.test.autoconfigure.web.servlet.WebDriverTestExecutionListener, org.springframework.test.context.web.ServletTestExecutionListener, org.springframework.test.context.support.DirtiesContextBeforeModesTestExecutionListener, org.springframework.test.context.support.DependencyInjectionTestExecutionListener, org.springframework.test.context.support.DirtiesContextTestExecutionListener, org.springframework.test.context.transaction.TransactionalTestExecutionListener, org.springframework.test.context.jdbc.SqlScriptsTestExecutionListener]
08:56:37.457 [main] INFO org.springframework.boot.test.context.SpringBootTestContextBootstrapper - Using TestExecutionListeners: [org.springframework.test.context.web.ServletTestExecutionListener@47b92, org.springframework.test.context.support.DirtiesContextBeforeModesTestExecutionListener@909f18, org.springframework.boot.test.autoconfigure.SpringBootDependencyInjectionTestExecutionListener@1ca92b9, org.springframework.test.context.support.DirtiesContextTestExecutionListener@60a8c0, org.springframework.test.context.transaction.TransactionalTestExecutionListener@1638935, org.springframework.test.context.jdbc.SqlScriptsTestExecutionListener@187b79e, org.springframework.boot.test.autoconfigure.web.servlet.MockMvcPrintOnlyOnFailureTestExecutionListener@75aa0d, org.springframework.boot.test.mock.mockito.ResetMocksTestExecutionListener@1c229ab, org.springframework.boot.test.autoconfigure.web.servlet.WebDriverTestExecutionListener@bb3d47, org.springframework.boot.test.autoconfigure.restdocs.RestDocsTestExecutionListener@7e5409, org.springframework.boot.test.mock.mockito.MockitoTestExecutionListener@198b989, org.springframework.boot.test.autoconfigure.web.client.MockRestServiceServerResetTestExecutionListener@1f95560]
08:56:37.457 [main] DEBUG org.springframework.test.annotation.ProfileValueUtils - Retrieved @ProfileValueSourceConfiguration [null] for test class [com.github.heliomfdev.restful_ws.PaisRepositoryTests]
08:56:37.457 [main] DEBUG org.springframework.test.annotation.ProfileValueUtils - Retrieved ProfileValueSource type [class org.springframework.test.annotation.SystemProfileValueSource] for class [com.github.heliomfdev.restful_ws.PaisRepositoryTests]
08:56:37.458 [main] DEBUG org.springframework.test.annotation.ProfileValueUtils - Retrieved @ProfileValueSourceConfiguration [null] for test class [com.github.heliomfdev.restful_ws.PaisRepositoryTests]
08:56:37.458 [main] DEBUG org.springframework.test.annotation.ProfileValueUtils - Retrieved ProfileValueSource type [class org.springframework.test.annotation.SystemProfileValueSource] for class [com.github.heliomfdev.restful_ws.PaisRepositoryTests]
08:56:37.462 [main] DEBUG org.springframework.test.context.support.AbstractDirtiesContextTestExecutionListener - Before test class: context [DefaultTestContext@93abcc testClass = PaisRepositoryTests, testInstance = [null], testMethod = [null], testException = [null], mergedContextConfiguration = [WebMergedContextConfiguration@195092a testClass = PaisRepositoryTests, locations = '{}', classes = '{class com.github.heliomfdev.restful_ws.SpringBootRestfulWebServiceApplication}', contextInitializerClasses = '[]', activeProfiles = '{}', propertySourceLocations = '{}', propertySourceProperties = '{org.springframework.boot.test.context.SpringBootTestContextBootstrapper=true}', contextCustomizers = set[org.springframework.boot.test.context.SpringBootTestContextCustomizer@d2dae5, org.springframework.boot.test.context.filter.ExcludeFilterContextCustomizer@121e813, org.springframework.boot.test.json.DuplicateJsonObjectContextCustomizerFactory$DuplicateJsonObjectContextCustomizer@1855c9a, org.springframework.boot.test.mock.mockito.MockitoContextCustomizer@0, org.springframework.boot.test.autoconfigure.properties.PropertyMappingContextCustomizer@0, org.springframework.boot.test.autoconfigure.web.servlet.WebDriverContextCustomizerFactory$Customizer@17030a6], resourceBasePath = 'src/main/webapp', contextLoader = 'org.springframework.boot.test.context.SpringBootContextLoader', parent = [null]]], class annotated with @DirtiesContext [false] with mode [null].
08:56:37.463 [main] DEBUG org.springframework.test.annotation.ProfileValueUtils - Retrieved @ProfileValueSourceConfiguration [null] for test class [com.github.heliomfdev.restful_ws.PaisRepositoryTests]
08:56:37.463 [main] DEBUG org.springframework.test.annotation.ProfileValueUtils - Retrieved ProfileValueSource type [class org.springframework.test.annotation.SystemProfileValueSource] for class [com.github.heliomfdev.restful_ws.PaisRepositoryTests]
08:56:37.540 [main] DEBUG org.springframework.core.env.StandardEnvironment - Adding [systemProperties] PropertySource with lowest search precedence
08:56:37.540 [main] DEBUG org.springframework.core.env.StandardEnvironment - Adding [systemEnvironment] PropertySource with lowest search precedence
08:56:37.541 [main] DEBUG org.springframework.core.env.StandardEnvironment - Initialized StandardEnvironment with PropertySources [systemProperties,systemEnvironment]
08:56:37.542 [main] DEBUG org.springframework.core.env.MutablePropertySources - Adding [inline] PropertySource with highest search precedence
08:56:37.547 [main] DEBUG org.springframework.test.context.support.TestPropertySourceUtils - Adding inlined properties to environment: {spring.jmx.enabled=false, org.springframework.boot.test.context.SpringBootTestContextBootstrapper=true, server.port=-1}
08:56:37.548 [main] DEBUG org.springframework.core.env.StandardEnvironment - Adding [Inlined Test Properties] PropertySource with highest search precedence

  .   ____          _            __ _ _
 /\\ / ___'_ __ _ _(_)_ __  __ _ \ \ \ \
( ( )\___ | '_ | '_| | '_ \/ _` | \ \ \ \
 \\/  ___)| |_)| | | | | || (_| |  ) ) ) )
  '  |____| .__|_| |_|_| |_\__, | / / / /
 =========|_|==============|___/=/_/_/_/
 :: Spring Boot ::        (v1.5.4.RELEASE)

2017-06-20 08:56:37.834  INFO 8260 --- [           main] c.g.h.restful_ws.PaisRepositoryTests     : Starting PaisRepositoryTests on HELIO-PC with PID 8260 (started by infirio34 in C:\Repos\howto-ws-restful-spring-boot)
2017-06-20 08:56:37.835  INFO 8260 --- [           main] c.g.h.restful_ws.PaisRepositoryTests     : No active profile set, falling back to default profiles: default
2017-06-20 08:56:37.883  INFO 8260 --- [           main] o.s.w.c.s.GenericWebApplicationContext   : Refreshing org.springframework.web.context.support.GenericWebApplicationContext@1d9a273: startup date [Tue Jun 20 08:56:37 GMT-03:00 2017]; root of context hierarchy
2017-06-20 08:56:39.726  INFO 8260 --- [           main] j.LocalContainerEntityManagerFactoryBean : Building JPA container EntityManagerFactory for persistence unit 'default'
2017-06-20 08:56:39.742  INFO 8260 --- [           main] o.hibernate.jpa.internal.util.LogHelper  : HHH000204: Processing PersistenceUnitInfo [
	name: default
	...]
2017-06-20 08:56:39.812  INFO 8260 --- [           main] org.hibernate.Version                    : HHH000412: Hibernate Core {5.0.12.Final}
2017-06-20 08:56:39.814  INFO 8260 --- [           main] org.hibernate.cfg.Environment            : HHH000206: hibernate.properties not found
2017-06-20 08:56:39.815  INFO 8260 --- [           main] org.hibernate.cfg.Environment            : HHH000021: Bytecode provider name : javassist
2017-06-20 08:56:39.858  INFO 8260 --- [           main] o.hibernate.annotations.common.Version   : HCANN000001: Hibernate Commons Annotations {5.0.1.Final}
2017-06-20 08:56:39.976  INFO 8260 --- [           main] org.hibernate.dialect.Dialect            : HHH000400: Using dialect: org.hibernate.dialect.H2Dialect
2017-06-20 08:56:40.637  INFO 8260 --- [           main] org.hibernate.tool.hbm2ddl.SchemaUpdate  : HHH000228: Running hbm2ddl schema update
2017-06-20 08:56:40.730  INFO 8260 --- [           main] j.LocalContainerEntityManagerFactoryBean : Initialized JPA EntityManagerFactory for persistence unit 'default'
2017-06-20 08:56:41.623  INFO 8260 --- [           main] s.w.s.m.m.a.RequestMappingHandlerAdapter : Looking for @ControllerAdvice: org.springframework.web.context.support.GenericWebApplicationContext@1d9a273: startup date [Tue Jun 20 08:56:37 GMT-03:00 2017]; root of context hierarchy
2017-06-20 08:56:41.707  INFO 8260 --- [           main] s.w.s.m.m.a.RequestMappingHandlerMapping : Mapped "{[/error]}" onto public org.springframework.http.ResponseEntity<java.util.Map<java.lang.String, java.lang.Object>> org.springframework.boot.autoconfigure.web.BasicErrorController.error(javax.servlet.http.HttpServletRequest)
2017-06-20 08:56:41.708  INFO 8260 --- [           main] s.w.s.m.m.a.RequestMappingHandlerMapping : Mapped "{[/error],produces=[text/html]}" onto public org.springframework.web.servlet.ModelAndView org.springframework.boot.autoconfigure.web.BasicErrorController.errorHtml(javax.servlet.http.HttpServletRequest,javax.servlet.http.HttpServletResponse)
2017-06-20 08:56:41.741  INFO 8260 --- [           main] o.s.w.s.handler.SimpleUrlHandlerMapping  : Mapped URL path [/webjars/**] onto handler of type [class org.springframework.web.servlet.resource.ResourceHttpRequestHandler]
2017-06-20 08:56:41.741  INFO 8260 --- [           main] o.s.w.s.handler.SimpleUrlHandlerMapping  : Mapped URL path [/**] onto handler of type [class org.springframework.web.servlet.resource.ResourceHttpRequestHandler]
2017-06-20 08:56:41.785  INFO 8260 --- [           main] o.s.w.s.handler.SimpleUrlHandlerMapping  : Mapped URL path [/**/favicon.ico] onto handler of type [class org.springframework.web.servlet.resource.ResourceHttpRequestHandler]
2017-06-20 08:56:42.051  INFO 8260 --- [           main] c.g.h.restful_ws.PaisRepositoryTests     : Started PaisRepositoryTests in 4.493 seconds (JVM running for 5.13)
2017-06-20 08:56:42.066  WARN 8260 --- [           main] f.a.AutowiredAnnotationBeanPostProcessor : Autowired annotation is not supported on static fields: private static com.github.heliomfdev.restful_ws.repository.PaisRepository com.github.heliomfdev.restful_ws.PaisRepositoryTests.paisRepository
]]></system-out>
  </testcase>
</testsuite>